e:\study\cplusplus\pat\datastructure\pattest\debug\vc142.pdb
e:\study\cplusplus\pat\datastructure\pattest\debug\vc142.idb
e:\study\cplusplus\pat\datastructure\pattest\debug\最大子列和.obj
e:\study\cplusplus\pat\datastructure\pattest\debug\链表的合并的合并.obj
e:\study\cplusplus\pat\datastructure\pattest\debug\二叉树操作集.obj
e:\study\cplusplus\pat\datastructure\pattest\debug\二分查找.obj
e:\study\cplusplus\pat\datastructure\pattest\debug\treeleave.obj
e:\study\cplusplus\pat\datastructure\pattest\debug\treecommonstruct.obj
e:\study\cplusplus\pat\datastructure\pattest\debug\sort.obj
e:\study\cplusplus\pat\datastructure\pattest\debug\maximum subsequence sum.obj
e:\study\cplusplus\pat\datastructure\pattest\debug\card.obj
e:\study\cplusplus\pat\datastructure\pattest\debug\02-线性结构2 一元多项式的乘法与加法运算.obj
e:\study\cplusplus\pat\datastructure\pattest\debug\02-线性结构2 一元多项式的乘法与加法运算.obj.enc
e:\study\cplusplus\pat\datastructure\pattest\debug\pattest.pdb
e:\study\cplusplus\pat\datastructure\pattest\debug\pattest.tlog\cl.command.1.tlog
e:\study\cplusplus\pat\datastructure\pattest\debug\pattest.tlog\cl.read.1.tlog
e:\study\cplusplus\pat\datastructure\pattest\debug\pattest.tlog\cl.write.1.tlog
e:\study\cplusplus\pat\datastructure\pattest\debug\pattest.tlog\link.13680-cvtres.read.1.tlog
e:\study\cplusplus\pat\datastructure\pattest\debug\pattest.tlog\link.13680-cvtres.write.1.tlog
e:\study\cplusplus\pat\datastructure\pattest\debug\pattest.tlog\link.13680-rc.read.1.tlog
e:\study\cplusplus\pat\datastructure\pattest\debug\pattest.tlog\link.13680-rc.write.1.tlog
e:\study\cplusplus\pat\datastructure\pattest\debug\pattest.tlog\link.13680.read.1.tlog
e:\study\cplusplus\pat\datastructure\pattest\debug\pattest.tlog\link.13680.write.1.tlog
e:\study\cplusplus\pat\datastructure\pattest\debug\pattest.tlog\link.command.1.tlog
e:\study\cplusplus\pat\datastructure\pattest\debug\pattest.tlog\link.read.1.tlog
e:\study\cplusplus\pat\datastructure\pattest\debug\pattest.tlog\link.write.1.tlog
